#
# There is insufficient memory for the Java Runtime Environment to continue.
# Native memory allocation (mmap) failed to map 402653184 bytes for Failed to commit area from 0x0000000681800000 to 0x0000000699800000 of length 402653184.
# Possible reasons:
#   The system is out of physical RAM or swap space
#   The process is running with CompressedOops enabled, and the Java Heap may be blocking the growth of the native heap
# Possible solutions:
#   Reduce memory load on the system
#   Increase physical memory or swap space
#   Check if swap backing store is full
#   Decrease Java heap size (-Xmx/-Xms)
#   Decrease number of Java threads
#   Decrease Java thread stack sizes (-Xss)
#   Set larger code cache with -XX:ReservedCodeCacheSize=
# This output file may be truncated or incomplete.
#
#  Out of Memory Error (./src/hotspot/os/windows/os_windows.cpp:3619), pid=11236, tid=14672
#
# JRE version:  (11.0.13+7) (build )
# Java VM: OpenJDK 64-Bit Server VM (11.0.13+7-b1751.25, mixed mode, sharing, tiered, compressed oops, g1 gc, windows-amd64)
# No core dump will be written. Minidumps are not enabled by default on client versions of Windows
#

---------------  S U M M A R Y ------------

Command Line: git4idea.http.GitAskPassApp Username for 'https://github.com': 

Host: AMD Ryzen 3 3100 4-Core Processor              , 8 cores, 23G,  Windows 10 , 64 bit Build 19041 (10.0.19041.1741)
Time: Mon Jul 11 11:41:09 2022 中国标准时间 elapsed time: 0.017828 seconds (0d 0h 0m 0s)

---------------  T H R E A D  ---------------

Current thread (0x0000020df578c000):  JavaThread "Unknown thread" [_thread_in_vm, id=14672, stack(0x0000003343600000,0x0000003343700000)]

Stack: [0x0000003343600000,0x0000003343700000]
Native frames: (J=compiled Java code, j=interpreted, Vv=VM code, C=native code)
V  [jvm.dll+0x613daa]
V  [jvm.dll+0x799b30]
V  [jvm.dll+0x79b14d]
V  [jvm.dll+0x79b823]
V  [jvm.dll+0x24c958]
V  [jvm.dll+0x610e24]
V  [jvm.dll+0x605b25]
V  [jvm.dll+0x30aaab]
V  [jvm.dll+0x30aa1a]
V  [jvm.dll+0x30a8f2]
V  [jvm.dll+0x30f856]
V  [jvm.dll+0x359143]
V  [jvm.dll+0x359846]
V  [jvm.dll+0x359243]
V  [jvm.dll+0x2e57a8]
V  [jvm.dll+0x2e6947]
V  [jvm.dll+0x776d47]
V  [jvm.dll+0x77853c]
V  [jvm.dll+0x3666c9]
V  [jvm.dll+0x75a9ce]
V  [jvm.dll+0x3d47d3]
V  [jvm.dll+0x3d6d21]
C  [jli.dll+0x536b]
C  [ucrtbase.dll+0x21bb2]
C  [KERNEL32.DLL+0x17034]
C  [ntdll.dll+0x52651]


---------------  P R O C E S S  ---------------

Threads class SMR info:
_java_thread_list=0x0000020df34f1aa0, length=0, elements={
}

Java Threads: ( => current thread )

Other Threads:
  0x0000020df57a4800 GCTaskThread "GC Thread#0" [stack: 0x0000003343700000,0x0000003343800000] [id=2688]
  0x0000020df582f000 ConcurrentGCThread "G1 Main Marker" [stack: 0x0000003343800000,0x0000003343900000] [id=4760]
  0x0000020df5830800 ConcurrentGCThread "G1 Conc#0" [stack: 0x0000003343900000,0x0000003343a00000] [id=14472]

[error occurred during error reporting (printing all threads), id 0xc0000005, EXCEPTION_ACCESS_VIOLATION (0xc0000005) at pc=0x00007ffa377a5c97]

VM state:not at safepoint (not fully initialized)

VM Mutex/Monitor currently owned by a thread:  ([mutex/lock_event])
[0x0000020df5787ae0] Heap_lock - owner thread: 0x0000020df578c000

Heap address: 0x0000000681800000, size: 6120 MB, Compressed Oops mode: Non-zero based: 0x0000000681800000
Narrow klass base: 0x0000000000000000, Narrow klass shift: 0

GC Heap History (0 events):
No events

Deoptimization events (0 events):
No events

Classes redefined (0 events):
No events

Internal exceptions (0 events):
No events

Events (1 events):
Event: 0.006 Loaded shared library C:\Program Files\JetBrains\IntelliJ IDEA 2021.3.2\jbr\bin\zip.dll


Dynamic libraries:
0x00007ff72dea0000 - 0x00007ff72deaa000 	C:\Program Files\JetBrains\IntelliJ IDEA 2021.3.2\jbr\bin\java.exe
0x00007ffa94f30000 - 0x00007ffa95127000 	C:\Windows\SYSTEM32\ntdll.dll
0x00007ffa93ed0000 - 0x00007ffa93f8d000 	C:\Windows\System32\KERNEL32.DLL
0x00007ffa927b0000 - 0x00007ffa92a7d000 	C:\Windows\System32\KERNELBASE.dll
0x00007ffa92ad0000 - 0x00007ffa92bd0000 	C:\Windows\System32\ucrtbase.dll
0x00007ffa88710000 - 0x00007ffa88727000 	C:\Program Files\JetBrains\IntelliJ IDEA 2021.3.2\jbr\bin\VCRUNTIME140.dll
0x00007ffa845d0000 - 0x00007ffa845e9000 	C:\Program Files\JetBrains\IntelliJ IDEA 2021.3.2\jbr\bin\jli.dll
0x00007ffa94610000 - 0x00007ffa947b0000 	C:\Windows\System32\USER32.dll
0x00007ffa7d7c0000 - 0x00007ffa7da5a000 	C:\Windows\WinSxS\amd64_microsoft.windows.common-controls_6595b64144ccf1df_6.0.19041.1110_none_60b5254171f9507e\COMCTL32.dll
0x00007ffa94180000 - 0x00007ffa9421e000 	C:\Windows\System32\msvcrt.dll
0x00007ffa92f60000 - 0x00007ffa92f82000 	C:\Windows\System32\win32u.dll
0x00007ffa93f90000 - 0x00007ffa93fba000 	C:\Windows\System32\GDI32.dll
0x00007ffa92e20000 - 0x00007ffa92f2b000 	C:\Windows\System32\gdi32full.dll
0x00007ffa92d10000 - 0x00007ffa92dad000 	C:\Windows\System32\msvcp_win.dll
0x00007ffa94b70000 - 0x00007ffa94ba0000 	C:\Windows\System32\IMM32.DLL
0x00007ffa54320000 - 0x00007ffa543bd000 	C:\Program Files\JetBrains\IntelliJ IDEA 2021.3.2\jbr\bin\msvcp140.dll
0x00007ffa374b0000 - 0x00007ffa38026000 	C:\Program Files\JetBrains\IntelliJ IDEA 2021.3.2\jbr\bin\server\jvm.dll
0x00007ffa92f90000 - 0x00007ffa9303e000 	C:\Windows\System32\ADVAPI32.dll
0x00007ffa94ba0000 - 0x00007ffa94c3c000 	C:\Windows\System32\sechost.dll
0x00007ffa948a0000 - 0x00007ffa949c5000 	C:\Windows\System32\RPCRT4.dll
0x00007ffa94170000 - 0x00007ffa94178000 	C:\Windows\System32\PSAPI.DLL
0x00007ffa7b630000 - 0x00007ffa7b639000 	C:\Windows\SYSTEM32\WSOCK32.dll
0x00007ffa94a30000 - 0x00007ffa94a9b000 	C:\Windows\System32\WS2_32.dll
0x00007ffa8c090000 - 0x00007ffa8c09a000 	C:\Windows\SYSTEM32\VERSION.dll
0x00007ffa84a30000 - 0x00007ffa84a57000 	C:\Windows\SYSTEM32\WINMM.dll
0x00007ffa90ee0000 - 0x00007ffa90ef2000 	C:\Windows\SYSTEM32\kernel.appcore.dll
0x00007ffa8d650000 - 0x00007ffa8d661000 	C:\Program Files\JetBrains\IntelliJ IDEA 2021.3.2\jbr\bin\verify.dll
0x00007ffa8dcc0000 - 0x00007ffa8dea4000 	C:\Windows\SYSTEM32\DBGHELP.DLL
0x00007ffa7b660000 - 0x00007ffa7b68c000 	C:\Windows\SYSTEM32\dbgcore.DLL
0x00007ffa92bd0000 - 0x00007ffa92c52000 	C:\Windows\System32\bcryptPrimitives.dll
0x00007ffa8d130000 - 0x00007ffa8d159000 	C:\Program Files\JetBrains\IntelliJ IDEA 2021.3.2\jbr\bin\java.dll
0x00007ffa8dae0000 - 0x00007ffa8daeb000 	C:\Program Files\JetBrains\IntelliJ IDEA 2021.3.2\jbr\bin\jimage.dll
0x00007ffa8d0b0000 - 0x00007ffa8d0c8000 	C:\Program Files\JetBrains\IntelliJ IDEA 2021.3.2\jbr\bin\zip.dll

dbghelp: loaded successfully - version: 4.0.5 - missing functions: none
symbol engine: initialized successfully - sym options: 0x614 - pdb path: .;C:\Program Files\JetBrains\IntelliJ IDEA 2021.3.2\jbr\bin;C:\Windows\SYSTEM32;C:\Windows\WinSxS\amd64_microsoft.windows.common-controls_6595b64144ccf1df_6.0.19041.1110_none_60b5254171f9507e;C:\Program Files\JetBrains\IntelliJ IDEA 2021.3.2\jbr\bin\server

VM Arguments:
java_command: git4idea.http.GitAskPassApp Username for 'https://github.com': 
java_class_path (initial): C:/Program Files/JetBrains/IntelliJ IDEA 2021.3.2/plugins/git4idea/lib/git4idea-rt.jar;C:/Program Files/JetBrains/IntelliJ IDEA 2021.3.2/lib/3rd-party.jar;C:/Program Files/JetBrains/IntelliJ IDEA 2021.3.2/lib/3rd-party-rt.jar
Launcher Type: SUN_STANDARD

[Global flags]
     intx CICompilerCount                          = 4                                         {product} {ergonomic}
     uint ConcGCThreads                            = 2                                         {product} {ergonomic}
     uint G1ConcRefinementThreads                  = 8                                         {product} {ergonomic}
   size_t G1HeapRegionSize                         = 1048576                                   {product} {ergonomic}
    uintx GCDrainStackTargetSize                   = 64                                        {product} {ergonomic}
   size_t InitialHeapSize                          = 402653184                                 {product} {ergonomic}
   size_t MarkStackSize                            = 4194304                                   {product} {ergonomic}
   size_t MaxHeapSize                              = 6417285120                                {product} {ergonomic}
   size_t MinHeapDeltaBytes                        = 1048576                                   {product} {ergonomic}
    uintx NonNMethodCodeHeapSize                   = 5836300                                {pd product} {ergonomic}
    uintx NonProfiledCodeHeapSize                  = 122910970                              {pd product} {ergonomic}
    uintx ProfiledCodeHeapSize                     = 122910970                              {pd product} {ergonomic}
    uintx ReservedCodeCacheSize                    = 251658240                              {pd product} {ergonomic}
     bool SegmentedCodeCache                       = true                                      {product} {ergonomic}
     bool UseCompressedClassPointers               = true                                 {lp64_product} {ergonomic}
     bool UseCompressedOops                        = true                                 {lp64_product} {ergonomic}
     bool UseG1GC                                  = true                                      {product} {ergonomic}
     bool UseLargePagesIndividualAllocation        = false                                  {pd product} {ergonomic}

Logging:
Log output configuration:
 #0: stdout all=warning uptime,level,tags
 #1: stderr all=off uptime,level,tags

Environment Variables:
PATH=C:\Program Files\Git\mingw64\libexec\git-core;C:\Program Files\Git\mingw64\libexec\git-core;C:\Program Files\Git\mingw64\bin;C:\Program Files\Git\usr\bin;C:\Users\MAJIAN_GZ\bin;G:\vm16\bin;C:\Program Files (x86)\Common Files\Oracle\Java\javapath;G:\oracle19c\WINDOWS.X64_193000_db_home\bin;C:\Windows\system32;C:\Windows;C:\Windows\System32\Wbem;C:\Windows\System32\WindowsPowerShell\v1.0;C:\Windows\System32\OpenSSH;C:\Program Files (x86)\NVIDIA Corporation\PhysX\Common;C:\Program Files\NVIDIA Corporation\NVIDIA NvDLISR;C:\Program Files\TortoiseGit\bin;C:\Program Files\Git\cmd;C:\Program Files\nodejs;G:\project-software\JDK_JRE_1.8.0.191\jdk1.8.0_191\bin;C:\Program Files\erl10.4\bin;G:\project-software\Rabbitmqdown\rabbitmq_server-3.8.0\sbin;D:\project-software\mysql-5.7.30-winx64\bin;C:\Users\MAJIAN_GZ\AppData\Local\Microsoft\WindowsApps;C:\Program Files\JetBrains\IntelliJ IDEA 2021.3.2\bin;C:\Users\MAJIAN_GZ\AppData\Roaming\npm
USERNAME=MAJIAN_GZ
DISPLAY=:0.0
LC_ALL=en_US.UTF-8
OS=Windows_NT
PROCESSOR_IDENTIFIER=AMD64 Family 23 Model 113 Stepping 0, AuthenticAMD



---------------  S Y S T E M  ---------------

OS: Windows 10 , 64 bit Build 19041 (10.0.19041.1741)
OS uptime: 0 days 2:42 hours

CPU:total 8 (initial active 8) (8 cores per cpu, 2 threads per core) family 23 model 113 stepping 0 microcode 0x0, cmov, cx8, fxsr, mmx, sse, sse2, sse3, ssse3, sse4.1, sse4.2, popcnt, avx, avx2, aes, clmul, mmxext, 3dnowpref, lzcnt, sse4a, ht, tsc, tscinvbit, tscinv, bmi1, bmi2, adx, sha, fma

Memory: 4k page, system-wide physical 24472M (1088M free)
TotalPageFile size 40423M (AvailPageFile size 341M)
current process WorkingSet (physical memory assigned to process): 10M, peak: 10M
current process commit charge ("private bytes"): 61M, peak: 445M

vm_info: OpenJDK 64-Bit Server VM (11.0.13+7-b1751.25) for windows-amd64 JRE (11.0.13+7-b1751.25), built on Jan 13 2022 20:47:27 by "" with MS VC++ 14.0 (VS2015)

END.
